Resize zero
Resize zero
 - Zero++ to 2
 - Zero++ to 3
Resize zero
Find workspace from 0 to 8
 - Zero add 1 to 1
 - 2 1 1 1 0 3 1 1 3 
 - Worked 2
 - 9 8
Resize zero
Resize zero
 - Zero++ to 2
 - Zero++ to 3
Find workspace from 0 to 3
 - Zero add 3 to 4
 - 1 0 0 0 0 3 1 1 3 
 - Worked 3
 - 5 4
Resize zero
Resize zero
 - Zero++ to 2
Find workspace from 5 to 8
 - Zero add 2 to 6
 - 1 0 0 0 0 2 0 0 2 
 - Worked 4
 - 9 8
Resize zero
Find workspace from 0 to 0
 - Zero add 1 to 7
 - 0 0 0 0 0 2 0 0 2 
 - Worked 5
 - 5 4
Resize zero
Find workspace from 5 to 5
 - Zero add 1 to 8
 - 0 0 0 0 0 0 0 0 2 
 - Worked 7
 - 8 7
Resize zero
Find workspace from 8 to 8
 - Zero add 1 to 9
 - 0 0 0 0 0 0 0 0 0 
 - Worked 9
 - 9 8
0 0 0 0 0 0 0 0 0 
9
