Resize zero as 6
 - Zero++ to 2
Find workspace from 0 to 4
 - Zero add 2 to 2
 - 0 0 2 3 1 
 - Worked 6
 - 5 4
Find zero at 0 and i++
Find zero at 1 and i++
Resize zero as 2
Resize last zero as 1 at 4
Find workspace from 2 to 4
 - Zero add 1 to 3
 - 0 0 1 2 0 
 - Worked 7
 - 5 4
Find zero at 0 and i++
Find zero at 1 and i++
Resize zero as 1
Find workspace from 2 to 3
 - Zero add 1 to 4
 - 0 0 0 1 0 
 - Worked 8
 - 5 4
Find zero at 0 and i++
Find zero at 1 and i++
Find zero at 2 and i++
Resize zero as 1
Find workspace from 3 to 3
 - Zero add 1 to 5
 - 0 0 0 0 0 
 - Worked 9
 - 5 4
0 0 0 0 0 
9
