###########################################
#                                         #
#     %                                   #
#                 C              E        #
#     A           C              E        #
#     A        BBBBBBB        DDDEDDD     #
#     A           C              E        #
#     A           C              E        #
#     A                                   #
#                                         #
#                                         #
#                                         #
#         $                               #
#          $                              #
#           $                             #
#            $                            #
#             $                           #
#              $                          #
#               $                         #
#                $                        #
#                 $                       #
#                  $                      #
#                   $2333333333333333     #
#                                         #
###########################################
